This is pdfTeX, Version 3.141592653-2.6-1.40.24 (MiKTeX 22.12) (preloaded format=pdflatex 2022.12.13)  12 MAR 2025 19:52
entering extended mode
 restricted \write18 enabled.
 file:line:error style messages enabled.
 %&-line parsing enabled.
**e:/GitHub/Quadratic-Zeeman-Effect/Thesis/Thesis.tex
(e:/GitHub/Quadratic-Zeeman-Effect/Thesis/Thesis.tex
LaTeX2e <2022-11-01> patch level 1
L3 programming layer <2022-11-02> (vlsithesis.cls
Document Class: vlsithesis 2004/05/06 v0.34 - Till Kuendiger
(C:\Users\epetr\AppData\Local\Programs\MiKTeX\tex/latex/base\bk12.clo
File: bk12.clo 2022/07/02 v1.4n Standard LaTeX file (size option)
) (C:\Users\epetr\AppData\Local\Programs\MiKTeX\tex/latex/geometry\geometry.sty
Package: geometry 2020/01/02 v5.9 Page Geometry
 (C:\Users\epetr\AppData\Local\Programs\MiKTeX\tex/latex/graphics\keyval.sty
Package: keyval 2022/05/29 v1.15 key=value parser (DPC)
\KV@toks@=\toks16
) (C:\Users\epetr\AppData\Local\Programs\MiKTeX\tex/generic/iftex\ifvtex.sty
Package: ifvtex 2019/10/25 v1.7 ifvtex legacy package. Use iftex instead.
 (C:\Users\epetr\AppData\Local\Programs\MiKTeX\tex/generic/iftex\iftex.sty
Package: iftex 2022/02/03 v1.0f TeX engine tests
))
\Gm@cnth=\count185
\Gm@cntv=\count186
\c@Gm@tempcnt=\count187
\Gm@bindingoffset=\dimen140
\Gm@wd@mp=\dimen141
\Gm@odd@mp=\dimen142
\Gm@even@mp=\dimen143
\Gm@layoutwidth=\dimen144
\Gm@layoutheight=\dimen145
\Gm@layouthoffset=\dimen146
\Gm@layoutvoffset=\dimen147
\Gm@dimlist=\toks17
 (C:\Users\epetr\AppData\Local\Programs\MiKTeX\tex/latex/geometry\geometry.cfg))
\c@part=\count188
\c@chapter=\count189
\c@section=\count190
\c@subsection=\count191
\c@subsubsection=\count192
\c@paragraph=\count193
\c@subparagraph=\count194
\c@figure=\count195
\c@table=\count196
\abovecaptionskip=\skip48
\belowcaptionskip=\skip49
\bibindent=\dimen148
) (C:\Users\epetr\AppData\Local\Programs\MiKTeX\tex/latex/enumitem\enumitem.sty
Package: enumitem 2019/06/20 v3.9 Customized lists
\labelindent=\skip50
\enit@outerparindent=\dimen149
\enit@toks=\toks18
\enit@inbox=\box51
\enit@count@id=\count197
\enitdp@description=\count198
) (C:\Users\epetr\AppData\Local\Programs\MiKTeX\tex/latex/makecell\makecell.sty
Package: makecell 2009/08/03 V0.1e Managing of Tab Column Heads and Cells
 (C:\Users\epetr\AppData\Local\Programs\MiKTeX\tex/latex/tools\array.sty
Package: array 2022/03/10 v2.5f Tabular extension package (FMi)
\col@sep=\dimen150
\ar@mcellbox=\box52
\extrarowheight=\dimen151
\NC@list=\toks19
\extratabsurround=\skip51
\backup@length=\skip52
\ar@cellbox=\box53
)
\rotheadsize=\dimen152
\c@nlinenum=\count199
\TeXr@lab=\toks20
) (C:\Users\epetr\AppData\Local\Programs\MiKTeX\tex/latex/algorithms\algorithm.sty
Package: algorithm 2009/08/24 v0.1 Document Style `algorithm' - floating environment
 (C:\Users\epetr\AppData\Local\Programs\MiKTeX\tex/latex/float\float.sty
Package: float 2001/11/08 v1.3d Float enhancements (AL)
\c@float@type=\count266
\float@exts=\toks21
\float@box=\box54
\@float@everytoks=\toks22
\@floatcapt=\box55
) (C:\Users\epetr\AppData\Local\Programs\MiKTeX\tex/latex/base\ifthen.sty
Package: ifthen 2022/04/13 v1.1d Standard LaTeX ifthen package (DPC)
)
\@float@every@algorithm=\toks23
\c@algorithm=\count267
) (C:\Users\epetr\AppData\Local\Programs\MiKTeX\tex/latex/algorithms\algorithmic.sty
Package: algorithmic 2009/08/24 v0.1 Document Style `algorithmic'
\c@ALC@unique=\count268
\c@ALC@line=\count269
\c@ALC@rem=\count270
\c@ALC@depth=\count271
\ALC@tlm=\skip53
\algorithmicindent=\skip54
) (C:\Users\epetr\AppData\Local\Programs\MiKTeX\tex/latex/amsmath\amsmath.sty
Package: amsmath 2022/04/08 v2.17n AMS math features
\@mathmargin=\skip55

For additional information on amsmath, use the `?' option.
(C:\Users\epetr\AppData\Local\Programs\MiKTeX\tex/latex/amsmath\amstext.sty
Package: amstext 2021/08/26 v2.01 AMS text
 (C:\Users\epetr\AppData\Local\Programs\MiKTeX\tex/latex/amsmath\amsgen.sty
File: amsgen.sty 1999/11/30 v2.0 generic functions
\@emptytoks=\toks24
\ex@=\dimen153
)) (C:\Users\epetr\AppData\Local\Programs\MiKTeX\tex/latex/amsmath\amsbsy.sty
Package: amsbsy 1999/11/29 v1.2d Bold Symbols
\pmbraise@=\dimen154
) (C:\Users\epetr\AppData\Local\Programs\MiKTeX\tex/latex/amsmath\amsopn.sty
Package: amsopn 2022/04/08 v2.04 operator names
)
\inf@bad=\count272
LaTeX Info: Redefining \frac on input line 234.
\uproot@=\count273
\leftroot@=\count274
LaTeX Info: Redefining \overline on input line 399.
LaTeX Info: Redefining \colon on input line 410.
\classnum@=\count275
\DOTSCASE@=\count276
LaTeX Info: Redefining \ldots on input line 496.
LaTeX Info: Redefining \dots on input line 499.
LaTeX Info: Redefining \cdots on input line 620.
\Mathstrutbox@=\box56
\strutbox@=\box57
LaTeX Info: Redefining \big on input line 722.
LaTeX Info: Redefining \Big on input line 723.
LaTeX Info: Redefining \bigg on input line 724.
LaTeX Info: Redefining \Bigg on input line 725.
\big@size=\dimen155
LaTeX Font Info:    Redeclaring font encoding OML on input line 743.
LaTeX Font Info:    Redeclaring font encoding OMS on input line 744.
\macc@depth=\count277
LaTeX Info: Redefining \bmod on input line 905.
LaTeX Info: Redefining \pmod on input line 910.
LaTeX Info: Redefining \smash on input line 940.
LaTeX Info: Redefining \relbar on input line 970.
LaTeX Info: Redefining \Relbar on input line 971.
\c@MaxMatrixCols=\count278
\dotsspace@=\muskip16
\c@parentequation=\count279
\dspbrk@lvl=\count280
\tag@help=\toks25
\row@=\count281
\column@=\count282
\maxfields@=\count283
\andhelp@=\toks26
\eqnshift@=\dimen156
\alignsep@=\dimen157
\tagshift@=\dimen158
\tagwidth@=\dimen159
\totwidth@=\dimen160
\lineht@=\dimen161
\@envbody=\toks27
\multlinegap=\skip56
\multlinetaggap=\skip57
\mathdisplay@stack=\toks28
LaTeX Info: Redefining \[ on input line 2953.
LaTeX Info: Redefining \] on input line 2954.
) (C:\Users\epetr\AppData\Local\Programs\MiKTeX\tex/latex/amsfonts\amssymb.sty
Package: amssymb 2013/01/14 v3.01 AMS font symbols
 (C:\Users\epetr\AppData\Local\Programs\MiKTeX\tex/latex/amsfonts\amsfonts.sty
Package: amsfonts 2013/01/14 v3.01 Basic AMSFonts support
\symAMSa=\mathgroup4
\symAMSb=\mathgroup5
LaTeX Font Info:    Redeclaring math symbol \hbar on input line 98.
LaTeX Font Info:    Overwriting math alphabet `\mathfrak' in version `bold'
(Font)                  U/euf/m/n --> U/euf/b/n on input line 106.
)) (C:\Users\epetr\AppData\Local\Programs\MiKTeX\tex/latex/graphics\graphics.sty
Package: graphics 2022/03/10 v1.4e Standard LaTeX Graphics (DPC,SPQR)
 (C:\Users\epetr\AppData\Local\Programs\MiKTeX\tex/latex/graphics\trig.sty
Package: trig 2021/08/11 v1.11 sin cos tan (DPC)
) (C:\Users\epetr\AppData\Local\Programs\MiKTeX\tex/latex/graphics-cfg\graphics.cfg
File: graphics.cfg 2016/06/04 v1.11 sample graphics configuration
)
Package graphics Info: Driver file: pdftex.def on input line 107.
 (C:\Users\epetr\AppData\Local\Programs\MiKTeX\tex/latex/graphics-def\pdftex.def
File: pdftex.def 2022/09/22 v1.2b Graphics/color driver for pdftex
)) (C:\Users\epetr\AppData\Local\Programs\MiKTeX\tex/latex/caption\subcaption.sty
Package: subcaption 2022/01/07 v1.5 Sub-captions (AR)
 (C:\Users\epetr\AppData\Local\Programs\MiKTeX\tex/latex/caption\caption.sty
Package: caption 2022/03/01 v3.6b Customizing captions (AR)
 (C:\Users\epetr\AppData\Local\Programs\MiKTeX\tex/latex/caption\caption3.sty
Package: caption3 2022/03/17 v2.3b caption3 kernel (AR)
\caption@tempdima=\dimen162
\captionmargin=\dimen163
\caption@leftmargin=\dimen164
\caption@rightmargin=\dimen165
\caption@width=\dimen166
\caption@indent=\dimen167
\caption@parindent=\dimen168
\caption@hangindent=\dimen169
Package caption Info: Standard document class detected.
)
\c@caption@flags=\count284
\c@continuedfloat=\count285
Package caption Info: float package is loaded.
)
\c@subfigure=\count286
\c@subtable=\count287
) (C:\Users\epetr\AppData\Local\Programs\MiKTeX\tex/latex/graphics\color.sty
Package: color 2022/01/06 v1.3d Standard LaTeX Color (DPC)
 (C:\Users\epetr\AppData\Local\Programs\MiKTeX\tex/latex/graphics-cfg\color.cfg
File: color.cfg 2016/01/02 v1.6 sample color configuration
)
Package color Info: Driver file: pdftex.def on input line 149.
 (C:\Users\epetr\AppData\Local\Programs\MiKTeX\tex/latex/graphics\mathcolor.ltx)) (C:\Users\epetr\AppData\Local\Programs\MiKTeX\tex/latex/graphics\graphicx.sty
Package: graphicx 2021/09/16 v1.2d Enhanced LaTeX Graphics (DPC,SPQR)
\Gin@req@height=\dimen170
\Gin@req@width=\dimen171
) (C:\Users\epetr\AppData\Local\Programs\MiKTeX\tex/latex/tools\verbatim.sty
Package: verbatim 2020-07-07 v1.5u LaTeX2e package for verbatim enhancements
\every@verbatim=\toks29
\verbatim@line=\toks30
\verbatim@in@stream=\read2
) (C:\Users\epetr\AppData\Local\Programs\MiKTeX\tex/latex/setspace\setspace.sty
Package: setspace 2022/12/04 v6.7b set line spacing
) (C:\Users\epetr\AppData\Local\Programs\MiKTeX\tex/latex/multirow\multirow.sty
Package: multirow 2021/03/15 v2.8 Span multiple rows of a table
\multirow@colwidth=\skip58
\multirow@cntb=\count288
\multirow@dima=\skip59
\bigstrutjot=\dimen172
) (C:\Users\epetr\AppData\Local\Programs\MiKTeX\tex/latex/xcolor\xcolor.sty
Package: xcolor 2022/06/12 v2.14 LaTeX color extensions (UK)
 (C:\Users\epetr\AppData\Local\Programs\MiKTeX\tex/latex/graphics-cfg\color.cfg
File: color.cfg 2016/01/02 v1.6 sample color configuration
)
Package xcolor Info: Driver file: pdftex.def on input line 227.
LaTeX Info: Redefining \color on input line 711.
 (C:\Users\epetr\AppData\Local\Programs\MiKTeX\tex/latex/graphics\mathcolor.ltx)
Package xcolor Info: Model `cmy' substituted by `cmy0' on input line 1353.
Package xcolor Info: Model `hsb' substituted by `rgb' on input line 1357.
Package xcolor Info: Model `RGB' extended on input line 1369.
Package xcolor Info: Model `HTML' substituted by `rgb' on input line 1371.
Package xcolor Info: Model `Hsb' substituted by `hsb' on input line 1372.
Package xcolor Info: Model `tHsb' substituted by `hsb' on input line 1373.
Package xcolor Info: Model `HSB' substituted by `hsb' on input line 1374.
Package xcolor Info: Model `Gray' substituted by `gray' on input line 1375.
Package xcolor Info: Model `wave' substituted by `hsb' on input line 1376.
) (C:\Users\epetr\AppData\Local\Programs\MiKTeX\tex/latex/url\url.sty
\Urlmuskip=\muskip17
Package: url 2013/09/16  ver 3.4  Verb mode for urls, etc.
) (C:\Users\epetr\AppData\Local\Programs\MiKTeX\tex/latex/mdwtools\footnote.sty
Package: footnote 1997/01/28 1.13 Save footnotes around boxes
\fn@notes=\box58
\fn@width=\dimen173
) (C:\Users\epetr\AppData\Local\Programs\MiKTeX\tex/latex/listings\listings.sty
\lst@mode=\count289
\lst@gtempboxa=\box59
\lst@token=\toks31
\lst@length=\count290
\lst@currlwidth=\dimen174
\lst@column=\count291
\lst@pos=\count292
\lst@lostspace=\dimen175
\lst@width=\dimen176
\lst@newlines=\count293
\lst@lineno=\count294
\lst@maxwidth=\dimen177
 (C:\Users\epetr\AppData\Local\Programs\MiKTeX\tex/latex/listings\lstmisc.sty
File: lstmisc.sty 2020/03/24 1.8d (Carsten Heinz)
\c@lstnumber=\count295
\lst@skipnumbers=\count296
\lst@framebox=\box60
) (C:\Users\epetr\AppData\Local\Programs\MiKTeX\tex/latex/listings\listings.cfg
File: listings.cfg 2020/03/24 1.8d listings configuration
))
Package: listings 2020/03/24 1.8d (Carsten Heinz)
 (C:\Users\epetr\AppData\Local\Programs\MiKTeX\tex/latex/doublestroke\dsfont.sty
Package: dsfont 1995/08/01 v0.1 Double stroke roman fonts
) (C:\Users\epetr\AppData\Local\Programs\MiKTeX\tex/latex/algorithm2e\algorithm2e.sty
Package: algorithm2e 2017/07/18 v5.2 algorithms environments
\c@AlgoLine=\count297
\algocf@hangindent=\skip60
 (C:\Users\epetr\AppData\Local\Programs\MiKTeX\tex/latex/ifoddpage\ifoddpage.sty
Package: ifoddpage 2022/10/18 v1.2 Conditionals for odd/even page detection
\c@checkoddpage=\count298
) (C:\Users\epetr\AppData\Local\Programs\MiKTeX\tex/latex/tools\xspace.sty
Package: xspace 2014/10/28 v1.13 Space after command names (DPC,MH)
) (C:\Users\epetr\AppData\Local\Programs\MiKTeX\tex/latex/relsize\relsize.sty
Package: relsize 2013/03/29 ver 4.1
)
\skiptotal=\skip61
\skiplinenumber=\skip62
\skiprule=\skip63
\skiphlne=\skip64
\skiptext=\skip65
\skiplength=\skip66
\algomargin=\skip67
\skipalgocfslide=\skip68
\algowidth=\dimen178
\inoutsize=\dimen179
\inoutindent=\dimen180
\interspacetitleruled=\dimen181
\interspacealgoruled=\dimen182
\interspacetitleboxruled=\dimen183
\algocf@ruledwidth=\skip69
\algocf@inoutbox=\box61
\algocf@inputbox=\box62
\AlCapSkip=\skip70
\AlCapHSkip=\skip71
\algoskipindent=\skip72
\algocf@nlbox=\box63
\algocf@hangingbox=\box64
\algocf@untilbox=\box65
\algocf@skipuntil=\skip73
\algocf@capbox=\box66
\algocf@lcaptionbox=\skip74
\algoheightruledefault=\skip75
\algoheightrule=\skip76
\algotitleheightruledefault=\skip77
\algotitleheightrule=\skip78
\c@algocfline=\count299
\c@algocfproc=\count300
\c@algocf=\count301
\algocf@algoframe=\box67
\algocf@algobox=\box68
) (C:\Users\epetr\AppData\Local\Programs\MiKTeX\tex/latex/graphics\rotating.sty
Package: rotating 2016/08/11 v2.16d rotated objects in LaTeX
\c@r@tfl@t=\count302
\rotFPtop=\skip79
\rotFPbot=\skip80
\rot@float@box=\box69
\rot@mess@toks=\toks32
) (C:\Users\epetr\AppData\Local\Programs\MiKTeX\tex/latex/tools\tabularx.sty
Package: tabularx 2020/01/15 v2.11c `tabularx' package (DPC)
\TX@col@width=\dimen184
\TX@old@table=\dimen185
\TX@old@col=\dimen186
\TX@target=\dimen187
\TX@delta=\dimen188
\TX@cols=\count303
\TX@ftn=\toks33
)
\c@Definition=\count304
 (C:\Users\epetr\AppData\Local\Programs\MiKTeX\tex/latex/natbib\natbib.sty
Package: natbib 2010/09/13 8.31b (PWD, AO)
\bibhang=\skip81
\bibsep=\skip82
LaTeX Info: Redefining \cite on input line 694.
\c@NAT@ctr=\count305
)
\c@theorem=\count306
 (C:\Users\epetr\AppData\Local\Programs\MiKTeX\tex/latex/chngcntr\chngcntr.sty
Package: chngcntr 2018/04/09 v1.1a change counter resetting
) (C:\Users\epetr\AppData\Local\Programs\MiKTeX\tex/latex/l3backend\l3backend-pdftex.def
File: l3backend-pdftex.def 2022-10-26 L3 backend support: PDF output (pdfTeX)
\l__color_backend_stack_int=\count307
\l__pdf_internal_box=\box70
) (Thesis.aux)
\openout1 = `Thesis.aux'.

LaTeX Font Info:    Checking defaults for OML/cmm/m/it on input line 90.
LaTeX Font Info:    ... okay on input line 90.
LaTeX Font Info:    Checking defaults for OMS/cmsy/m/n on input line 90.
LaTeX Font Info:    ... okay on input line 90.
LaTeX Font Info:    Checking defaults for OT1/cmr/m/n on input line 90.
LaTeX Font Info:    ... okay on input line 90.
LaTeX Font Info:    Checking defaults for T1/cmr/m/n on input line 90.
LaTeX Font Info:    ... okay on input line 90.
LaTeX Font Info:    Checking defaults for TS1/cmr/m/n on input line 90.
LaTeX Font Info:    ... okay on input line 90.
LaTeX Font Info:    Checking defaults for OMX/cmex/m/n on input line 90.
LaTeX Font Info:    ... okay on input line 90.
LaTeX Font Info:    Checking defaults for U/cmr/m/n on input line 90.
LaTeX Font Info:    ... okay on input line 90.

*geometry* driver: auto-detecting
*geometry* detected driver: pdftex
*geometry* verbose mode - [ preamble ] result:
* driver: pdftex
* paper: letterpaper
* layout: <same size as paper>
* layoutoffset:(h,v)=(0.0pt,0.0pt)
* modes: 
* h-part:(L,W,R)=(108.405pt, 433.62001pt, 72.26999pt)
* v-part:(T,H,B)=(72.26999pt, 650.43001pt, 72.26999pt)
* \paperwidth=614.295pt
* \paperheight=794.96999pt
* \textwidth=433.62001pt
* \textheight=650.43001pt
* \oddsidemargin=36.13501pt
* \evensidemargin=36.13501pt
* \topmargin=-31.8738pt
* \headheight=12.0pt
* \headsep=19.8738pt
* \topskip=12.0pt
* \footskip=30.0pt
* \marginparwidth=47.0pt
* \marginparsep=7.0pt
* \columnsep=10.0pt
* \skip\footins=10.8pt plus 4.0pt minus 2.0pt
* \hoffset=0.0pt
* \voffset=0.0pt
* \mag=1000
* \@twocolumnfalse
* \@twosidefalse
* \@mparswitchfalse
* \@reversemarginfalse
* (1in=72.27pt=25.4mm, 1cm=28.453pt)

(C:\Users\epetr\AppData\Local\Programs\MiKTeX\tex/context/base/mkii\supp-pdf.mkii
[Loading MPS to PDF converter (version 2006.09.02).]
\scratchcounter=\count308
\scratchdimen=\dimen189
\scratchbox=\box71
\nofMPsegments=\count309
\nofMParguments=\count310
\everyMPshowfont=\toks34
\MPscratchCnt=\count311
\MPscratchDim=\dimen190
\MPnumerator=\count312
\makeMPintoPDFobject=\count313
\everyMPtoPDFconversion=\toks35
) (C:\Users\epetr\AppData\Local\Programs\MiKTeX\tex/latex/epstopdf-pkg\epstopdf-base.sty
Package: epstopdf-base 2020-01-24 v2.11 Base part for package epstopdf
Package epstopdf-base Info: Redefining graphics rule for `.eps' on input line 485.
 (C:\Users\epetr\AppData\Local\Programs\MiKTeX\tex/latex/00miktex\epstopdf-sys.cfg
File: epstopdf-sys.cfg 2021/03/18 v2.0 Configuration of epstopdf for MiKTeX
))
Package caption Info: Begin \AtBeginDocument code.
Package caption Info: listings package is loaded.
Package caption Info: rotating package is loaded.
Package caption Info: End \AtBeginDocument code.
\c@lstlisting=\count314
 [1


{C:/Users/epetr/AppData/Local/MiKTeX/fonts/map/pdftex/pdftex.map}]
LaTeX Font Info:    Trying to load font information for U+msa on input line 93.
 (C:\Users\epetr\AppData\Local\Programs\MiKTeX\tex/latex/amsfonts\umsa.fd
File: umsa.fd 2013/01/14 v3.01 AMS symbols A
)
LaTeX Font Info:    Trying to load font information for U+msb on input line 93.
 (C:\Users\epetr\AppData\Local\Programs\MiKTeX\tex/latex/amsfonts\umsb.fd
File: umsb.fd 2013/01/14 v3.01 AMS symbols B
) [1

] (sections/Abstract.tex)
Overfull \hbox (2.61108pt too wide) has occurred while \output is active
 $[]$
 []


Overfull \hbox (2.61108pt too wide) has occurred while \output is active
 $[]$
 []

[3

]
Overfull \hbox (2.61108pt too wide) has occurred while \output is active
 $[]$
 []


Overfull \hbox (2.61108pt too wide) has occurred while \output is active
 $[]$
 []

[4

]
Overfull \hbox (2.61108pt too wide) has occurred while \output is active
 $[]$
 []


Overfull \hbox (2.61108pt too wide) has occurred while \output is active
 $[]$
 []

[5

]
Overfull \hbox (2.61108pt too wide) has occurred while \output is active
 $[]$
 []


Overfull \hbox (2.61108pt too wide) has occurred while \output is active
 $[]$
 []

[6]
Overfull \hbox (2.61108pt too wide) has occurred while \output is active
 $[]$
 []


Overfull \hbox (2.61108pt too wide) has occurred while \output is active
 $[]$
 []

[7] (Thesis.toc
Overfull \hbox (2.61108pt too wide) has occurred while \output is active
 $[]$
 []

[8

])
\tf@toc=\write3
\openout3 = `Thesis.toc'.


Overfull \hbox (2.61108pt too wide) has occurred while \output is active
 $[]$
 []


Overfull \hbox (2.61108pt too wide) has occurred while \output is active
 $[]$
 []

[9] (Thesis.lof)
\tf@lof=\write4
\openout4 = `Thesis.lof'.

\enitdp@abbrv=\count315

Overfull \hbox (2.61108pt too wide) has occurred while \output is active
 $[]$
 []

[10

] (sections/Introduction.tex
CHAPTER 1.
) (sections/Theoretical Methods.tex
Overfull \hbox (2.61108pt too wide) has occurred while \output is active
 $[]$
 []

[1


]
CHAPTER 2.

Overfull \hbox (2.61108pt too wide) has occurred while \output is active
 $[]$
 []

[2

]
Overfull \hbox (2.61108pt too wide) has occurred while \output is active
 $[]$
 []


Overfull \hbox (2.61108pt too wide) has occurred while \output is active
 $[]$
 []

[3]
Underfull \hbox (badness 10000) in paragraph at lines 56--57

 []


Overfull \hbox (2.61108pt too wide) has occurred while \output is active
 $[]$
 []


Overfull \hbox (2.61108pt too wide) has occurred while \output is active
 $[]$
 []

[4]
Overfull \hbox (2.61108pt too wide) has occurred while \output is active
 $[]$
 []


Overfull \hbox (2.61108pt too wide) has occurred while \output is active
 $[]$
 []

[5]
Overfull \hbox (2.61108pt too wide) has occurred while \output is active
 $[]$
 []


Overfull \hbox (2.61108pt too wide) has occurred while \output is active
 $[]$
 []

[6]

Package natbib Warning: Citation `Bethe_Salpeter_1977' on page 7 undefined on input line 112.


Overfull \hbox (2.61108pt too wide) has occurred while \output is active
 $[]$
 []


Overfull \hbox (2.61108pt too wide) has occurred while \output is active
 $[]$
 []

[7]

LaTeX Warning: Reference `' on page 8 undefined on input line 127.


Overfull \hbox (2.61108pt too wide) has occurred while \output is active
 $[]$
 []


Overfull \hbox (2.61108pt too wide) has occurred while \output is active
 $[]$
 []

[8]

Package natbib Warning: Citation `Wigner-3j' on page 9 undefined on input line 153.


Overfull \hbox (2.61108pt too wide) has occurred while \output is active
 $[]$
 []


Overfull \hbox (2.61108pt too wide) has occurred while \output is active
 $[]$
 []

[9]
Overfull \hbox (2.61108pt too wide) has occurred while \output is active
 $[]$
 []


Overfull \hbox (2.61108pt too wide) has occurred while \output is active
 $[]$
 []

[10]
Overfull \hbox (2.61108pt too wide) has occurred while \output is active
 $[]$
 []


Overfull \hbox (2.61108pt too wide) has occurred while \output is active
 $[]$
 []

[11]
Underfull \hbox (badness 10000) in paragraph at lines 216--217

 []


Overfull \hbox (2.61108pt too wide) has occurred while \output is active
 $[]$
 []


Overfull \hbox (2.61108pt too wide) has occurred while \output is active
 $[]$
 []

[12]
Overfull \hbox (2.61108pt too wide) has occurred while \output is active
 $[]$
 []


Overfull \hbox (2.61108pt too wide) has occurred while \output is active
 $[]$
 []

[13]
Overfull \hbox (2.61108pt too wide) has occurred while \output is active
 $[]$
 []


Overfull \hbox (2.61108pt too wide) has occurred while \output is active
 $[]$
 []

[14]
Overfull \hbox (2.61108pt too wide) has occurred while \output is active
 $[]$
 []


Overfull \hbox (2.61108pt too wide) has occurred while \output is active
 $[]$
 []

[15]
Overfull \hbox (2.61108pt too wide) has occurred while \output is active
 $[]$
 []


Overfull \hbox (2.61108pt too wide) has occurred while \output is active
 $[]$
 []

[16]
Underfull \hbox (badness 10000) in paragraph at lines 335--336

 []


Overfull \hbox (2.61108pt too wide) has occurred while \output is active
 $[]$
 []


Overfull \hbox (2.61108pt too wide) has occurred while \output is active
 $[]$
 []

[17]) (sections/Zeeman-Effect.tex
Overfull \hbox (2.61108pt too wide) has occurred while \output is active
 $[]$
 []


Overfull \hbox (2.61108pt too wide) has occurred while \output is active
 $[]$
 []

[18]
CHAPTER 3.

Underfull \hbox (badness 10000) in paragraph at lines 12--13

 []


Overfull \hbox (2.61108pt too wide) has occurred while \output is active
 $[]$
 []

[19

]
Overfull \hbox (2.61108pt too wide) has occurred while \output is active
 $[]$
 []


Overfull \hbox (2.61108pt too wide) has occurred while \output is active
 $[]$
 []

[20]
Overfull \hbox (2.61108pt too wide) has occurred while \output is active
 $[]$
 []


Overfull \hbox (2.61108pt too wide) has occurred while \output is active
 $[]$
 []

[21]
Overfull \hbox (2.61108pt too wide) has occurred while \output is active
 $[]$
 []


Overfull \hbox (2.61108pt too wide) has occurred while \output is active
 $[]$
 []

[22]
Underfull \hbox (badness 10000) in paragraph at lines 77--78

 []


Overfull \hbox (2.61108pt too wide) has occurred while \output is active
 $[]$
 []


Overfull \hbox (2.61108pt too wide) has occurred while \output is active
 $[]$
 []

[23] (Graphs/zgraph1.tex
\tbox=\box72
\htext=\skip83
\temp=\skip84
\ntext=\count316
\ftext=\count317
) (Graphs/zgraph2.tex
\ntext=\count318
\ftext=\count319
) (Graphs/zgraph3.tex
\ntext=\count320
\ftext=\count321
)
Overfull \hbox (2.61108pt too wide) has occurred while \output is active
 $[]$
 []


Overfull \hbox (2.61108pt too wide) has occurred while \output is active
 $[]$
 []

[24]
Overfull \hbox (2.61108pt too wide) has occurred while \output is active
 $[]$
 []


Overfull \hbox (2.61108pt too wide) has occurred while \output is active
 $[]$
 []

[25]
Overfull \hbox (2.61108pt too wide) has occurred while \output is active
 $[]$
 []


Overfull \hbox (2.61108pt too wide) has occurred while \output is active
 $[]$
 []

[26]
Overfull \hbox (2.61108pt too wide) has occurred while \output is active
 $[]$
 []


Overfull \hbox (2.61108pt too wide) has occurred while \output is active
 $[]$
 []

[27]
Overfull \hbox (2.61108pt too wide) has occurred while \output is active
 $[]$
 []


Overfull \hbox (2.61108pt too wide) has occurred while \output is active
 $[]$
 []

[28]
Overfull \hbox (2.61108pt too wide) has occurred while \output is active
 $[]$
 []


Overfull \hbox (2.61108pt too wide) has occurred while \output is active
 $[]$
 []

[29]) (sections/Related-works.tex) (sections/Conclusion.tex
Overfull \hbox (2.61108pt too wide) has occurred while \output is active
 $[]$
 []


Overfull \hbox (2.61108pt too wide) has occurred while \output is active
 $[]$
 []

[30]
CHAPTER 4.
) (sections/Appendix.tex
Overfull \hbox (2.61108pt too wide) has occurred while \output is active
 $[]$
 []

[31

]
APPENDIX A.

Overfull \hbox (2.61108pt too wide) has occurred while \output is active
 $[]$
 []

[32

]
APPENDIX B.

Overfull \hbox (2.61108pt too wide) has occurred while \output is active
 $[]$
 []

[33

]
APPENDIX C.

Overfull \hbox (2.61108pt too wide) has occurred while \output is active
 $[]$
 []

[34

]
Overfull \hbox (2.61108pt too wide) has occurred while \output is active
 $[]$
 []


Overfull \hbox (2.61108pt too wide) has occurred while \output is active
 $[]$
 []

[35]
APPENDIX D.
)
Overfull \hbox (2.61108pt too wide) has occurred while \output is active
 $[]$
 []

[36

] (Thesis.bbl
Overfull \hbox (2.61108pt too wide) has occurred while \output is active
 $[]$
 []

[37


]
Overfull \hbox (2.61108pt too wide) has occurred while \output is active
 $[]$
 []


Overfull \hbox (2.61108pt too wide) has occurred while \output is active
 $[]$
 []

[38])
Overfull \hbox (2.61108pt too wide) has occurred while \output is active
 $[]$
 []


Overfull \hbox (2.61108pt too wide) has occurred while \output is active
 $[]$
 []

[39]
Underfull \hbox (badness 10000) in paragraph at lines 152--152
[]|\OT1/cmr/m/n/12 Windsor On-tario,
 []


Underfull \hbox (badness 10000) in paragraph at lines 156--157
[]|\OT1/cmr/m/n/12 University of Wind-sor, Un-der-grad-u-ate Hon-ours
 []


Overfull \hbox (2.31767pt too wide) in paragraph at lines 150--158
[][] 
 []


Package natbib Warning: There were undefined citations.


Overfull \hbox (2.61108pt too wide) has occurred while \output is active
 $[]$
 []

[40

] (Thesis.aux)

LaTeX Warning: There were undefined references.

 ) 
Here is how much of TeX's memory you used:
 9509 strings out of 475281
 155296 string characters out of 2774064
 608302 words of memory out of 3000000
 30820 multiletter control sequences out of 15000+600000
 485434 words of font info for 88 fonts, out of 8000000 for 9000
 1141 hyphenation exceptions out of 8191
 70i,15n,77p,1512b,533s stack positions out of 10000i,1000n,20000p,200000b,80000s
 <C:\Users\epetr\AppData\Local\MiKTeX\fonts/pk/ljfour/jknappen/ec/dpi600\tcrm1200.pk><C:/Users/epetr/AppData/Local/Programs/MiKTeX/fonts/type1/public/amsfonts/cm/cmbx12.pfb><C:/Users/epetr/AppData/Local/Programs/MiKTeX/fonts/type1/public/amsfonts/cm/cmbxti10.pfb><C:/Users/epetr/AppData/Local/Programs/MiKTeX/fonts/type1/public/amsfonts/cm/cmex10.pfb><C:/Users/epetr/AppData/Local/Programs/MiKTeX/fonts/type1/public/amsfonts/cm/cmmi10.pfb><C:/Users/epetr/AppData/Local/Programs/MiKTeX/fonts/type1/public/amsfonts/cm/cmmi12.pfb><C:/Users/epetr/AppData/Local/Programs/MiKTeX/fonts/type1/public/amsfonts/cm/cmmi6.pfb><C:/Users/epetr/AppData/Local/Programs/MiKTeX/fonts/type1/public/amsfonts/cm/cmmi8.pfb><C:/Users/epetr/AppData/Local/Programs/MiKTeX/fonts/type1/public/amsfonts/cm/cmr10.pfb><C:/Users/epetr/AppData/Local/Programs/MiKTeX/fonts/type1/public/amsfonts/cm/cmr12.pfb><C:/Users/epetr/AppData/Local/Programs/MiKTeX/fonts/type1/public/amsfonts/cm/cmr17.pfb><C:/Users/epetr/AppData/Local/Programs/MiKTeX/fonts/type1/public/amsfonts/cm/cmr6.pfb><C:/Users/epetr/AppData/Local/Programs/MiKTeX/fonts/type1/public/amsfonts/cm/cmr7.pfb><C:/Users/epetr/AppData/Local/Programs/MiKTeX/fonts/type1/public/amsfonts/cm/cmr8.pfb><C:/Users/epetr/AppData/Local/Programs/MiKTeX/fonts/type1/public/amsfonts/cm/cmsl10.pfb><C:/Users/epetr/AppData/Local/Programs/MiKTeX/fonts/type1/public/amsfonts/cm/cmss12.pfb><C:/Users/epetr/AppData/Local/Programs/MiKTeX/fonts/type1/public/amsfonts/cm/cmss17.pfb><C:/Users/epetr/AppData/Local/Programs/MiKTeX/fonts/type1/public/amsfonts/cm/cmsy10.pfb><C:/Users/epetr/AppData/Local/Programs/MiKTeX/fonts/type1/public/amsfonts/cm/cmsy6.pfb><C:/Users/epetr/AppData/Local/Programs/MiKTeX/fonts/type1/public/amsfonts/cm/cmsy7.pfb><C:/Users/epetr/AppData/Local/Programs/MiKTeX/fonts/type1/public/amsfonts/cm/cmsy8.pfb><C:/Users/epetr/AppData/Local/Programs/MiKTeX/fonts/type1/public/amsfonts/cm/cmti12.pfb><C:/Users/epetr/AppData/Local/Programs/MiKTeX/fonts/type1/public/amsfonts/cm/cmti8.pfb><C:/Users/epetr/AppData/Local/Programs/MiKTeX/fonts/type1/public/amsfonts/latxfont/lcircle1.pfb><C:/Users/epetr/AppData/Local/Programs/MiKTeX/fonts/type1/public/amsfonts/latxfont/line10.pfb><C:/Users/epetr/AppData/Local/Programs/MiKTeX/fonts/type1/public/amsfonts/symbols/msbm10.pfb>
Output written on Thesis.pdf (50 pages, 404297 bytes).
PDF statistics:
 294 PDF objects out of 1000 (max. 8388607)
 0 named destinations out of 1000 (max. 500000)
 1 words of extra memory for PDF output out of 10000 (max. 10000000)

